<?xml version="1.0" encoding="UTF-8"?>
<testng-results skipped="0" failed="0" total="2" passed="2">
  <reporter-output>
  </reporter-output>
  <suite name="Command line suite" duration-ms="174" started-at="2015-05-15T08:30:21Z" finished-at="2015-05-15T08:30:21Z">
    <groups>
    </groups>
    <test name="Command line test" duration-ms="174" started-at="2015-05-15T08:30:21Z" finished-at="2015-05-15T08:30:21Z">
      <class name="com.learntestng.SampleTest">
        <test-method status="PASS" signature="f()" name="f" duration-ms="2" started-at="2015-05-15T08:30:21Z" finished-at="2015-05-15T08:30:21Z">
        </test-method>
      </class>
      <class name="com.learntestng.AppTest">
        <test-method status="PASS" signature="sendMail()" name="sendMail" duration-ms="102" started-at="2015-05-15T08:30:21Z" finished-at="2015-05-15T08:30:21Z">
        </test-method>
      </class>
    </test>
  </suite>
</testng-results>
